<?xml version="1.0" encoding="UTF-8"?>
<testsuite xmlns:xsi="http://www.w3.org/2001/XMLSchema-instance" xsi:noNamespaceSchemaLocation="https://maven.apache.org/surefire/maven-surefire-plugin/xsd/surefire-test-report.xsd" name="org.example.LoginTest" time="0.759" tests="10" errors="10" skipped="0" failures="0">
  <properties>
[...]
</properties>
  <testcase name="testCheckLoginThrowButtonRegistration" classname="org.example.LoginTest" time="0.418">
    <error type="java.lang.NullPointerException">java.lang.NullPointerException
</error>
    <system-err><![CDATA[SLF4J(W): No SLF4J providers were found.
SLF4J(W): Defaulting to no-operation (NOP) logger implementation
SLF4J(W): See https://www.slf4j.org/codes.html#noProviders for further details.
]]></system-err>
  </testcase>
  <testcase name="testCheckLoginThrowButtonRegistration" classname="org.example.LoginTest" time="0.423">
    <error type="java.lang.NullPointerException">java.lang.NullPointerException
</error>
  </testcase>
  <testcase name="testCheckLoginOnMainPage" classname="org.example.LoginTest" time="0.002">
    <error type="java.lang.NullPointerException">java.lang.NullPointerException
</error>
  </testcase>
  <testcase name="testCheckLoginOnMainPage" classname="org.example.LoginTest" time="0.002">
    <error type="java.lang.NullPointerException">java.lang.NullPointerException
</error>
  </testcase>
  <testcase name="testCheckLoginThrowButtonPersonalAccount" classname="org.example.LoginTest" time="0.003">
    <error type="java.lang.NullPointerException">java.lang.NullPointerException
</error>
  </testcase>
  <testcase name="testCheckLoginThrowButtonPersonalAccount" classname="org.example.LoginTest" time="0.004">
    <error type="java.lang.NullPointerException">java.lang.NullPointerException
</error>
  </testcase>
  <testcase name="testCheckLoginThrowButtonRPassword" classname="org.example.LoginTest" time="0.002">
    <error type="java.lang.NullPointerException">java.lang.NullPointerException
</error>
  </testcase>
  <testcase name="testCheckLoginThrowButtonRPassword" classname="org.example.LoginTest" time="0.003">
    <error type="java.lang.NullPointerException">java.lang.NullPointerException
</error>
  </testcase>
  <testcase name="testCheckLoginOut" classname="org.example.LoginTest" time="0.002">
    <error type="java.lang.NullPointerException">java.lang.NullPointerException
</error>
  </testcase>
  <testcase name="testCheckLoginOut" classname="org.example.LoginTest" time="0.002">
    <error type="java.lang.NullPointerException">java.lang.NullPointerException
</error>
  </testcase>
</testsuite>